<?xml version="1.0" encoding="UTF-8"?>
<!-- Generated by org.testng.reporters.JUnitXMLReporter -->
<testsuite hostname="E4795_Tech" ignored="0" name="ForgotPasswordTest" tests="1" failures="1" timestamp="14 Feb 2020 15:32:20 GMT" time="6.011" errors="0">
  <testcase name="forgotPassword" time="4.675" classname="com.ExtramarksWebsite_TestCases.ForgotPasswordTest">
    <failure type="java.sql.SQLSyntaxErrorException" message="You have an error in your SQL syntax; check the manual that corresponds to your MySQL server version for the right syntax to use near &amp;apos;&amp;apos; at line 1">
      <![CDATA[java.sql.SQLSyntaxErrorException: You have an error in your SQL syntax; check the manual that corresponds to your MySQL server version for the right syntax to use near '' at line 1
	at com.mysql.cj.jdbc.exceptions.SQLError.createSQLException(SQLError.java:120)
	at com.mysql.cj.jdbc.exceptions.SQLError.createSQLException(SQLError.java:97)
	at com.mysql.cj.jdbc.exceptions.SQLExceptionsMapping.translateException(SQLExceptionsMapping.java:122)
	at com.mysql.cj.jdbc.StatementImpl.executeQuery(StatementImpl.java:1200)
	at com.ExtramarksWebsite_TestCases.SQLConnector.connectionsetup(SQLConnector.java:45)
	at com.ExtramarksWebsite_TestCases.ForgotPasswordTest.forgotPassword(ForgotPasswordTest.java:89)
	at java.util.concurrent.ThreadPoolExecutor.runWorker(ThreadPoolExecutor.java:1149)
	at java.util.concurrent.ThreadPoolExecutor$Worker.run(ThreadPoolExecutor.java:624)
	at java.lang.Thread.run(Thread.java:748)
... Removed 10 stack frames]]>
    </failure>
  </testcase> <!-- forgotPassword -->
</testsuite> <!-- ForgotPasswordTest -->
