<?xml version="1.0" encoding="UTF-8"?>
<!-- Generated by org.testng.reporters.JUnitXMLReporter -->
<testsuite hostname="E4795_Tech" ignored="0" name="LoginTest" tests="3" failures="0" timestamp="15 Feb 2020 07:26:49 GMT" time="511.059" errors="0">
  <testcase name="doLogin" time="311.401" classname="com.ExtramarksWebsite_TestCases.LoginTest"/>
  <testcase name="doLogin" time="92.58" classname="com.ExtramarksWebsite_TestCases.LoginTest"/>
  <testcase name="doLogin" time="91.763" classname="com.ExtramarksWebsite_TestCases.LoginTest"/>
</testsuite> <!-- LoginTest -->
