<?xml version="1.0" encoding="UTF-8"?>
<!-- Generated by org.testng.reporters.JUnitXMLReporter -->
<testsuite hostname="E4795_Tech" ignored="0" name="MentorDashboardTest" tests="3" failures="0" timestamp="14 Feb 2020 15:09:35 GMT" time="369.453" errors="0">
  <testcase name="mentorDashboardMenu" time="137.633" classname="com.ExtramarksWebsite_TestCases.MentorDashboardTest"/>
  <testcase name="mentorDashboardViewActivity" time="105.64" classname="com.ExtramarksWebsite_TestCases.MentorDashboardTest"/>
  <testcase name="mentorDashboardaddSchedule" time="113.026" classname="com.ExtramarksWebsite_TestCases.MentorDashboardTest"/>
</testsuite> <!-- MentorDashboardTest -->
