<?xml version="1.0" encoding="UTF-8"?>
<!-- Generated by org.testng.reporters.JUnitXMLReporter -->
<testsuite hostname="E4795_Tech" ignored="0" name="ParentChildSubscriptionTest" tests="1" failures="1" timestamp="14 Feb 2020 15:03:25 GMT" time="94.276" errors="0">
  <testcase name="parentChildSubscription" time="89.75" classname="com.ExtramarksWebsite_TestCases.ParentChildSubscriptionTest">
    <failure type="java.lang.IndexOutOfBoundsException" message="Index: 1, Size: 1">
      <![CDATA[java.lang.IndexOutOfBoundsException: Index: 1, Size: 1
	at java.util.ArrayList.rangeCheck(ArrayList.java:657)
	at java.util.ArrayList.get(ArrayList.java:433)
	at org.openqa.selenium.support.pagefactory.internal.LocatingElementListHandler.invoke(LocatingElementListHandler.java:39)
	at com.sun.proxy.$Proxy29.get(Unknown Source)
	at com.ExtramarksWebsite_Pages.ChildSubscriptionPage.openProgSubs(ChildSubscriptionPage.java:37)
	at com.ExtramarksWebsite_TestCases.ParentChildSubscriptionTest.parentChildSubscription(ParentChildSubscriptionTest.java:98)
	at java.util.concurrent.ThreadPoolExecutor.runWorker(ThreadPoolExecutor.java:1149)
	at java.util.concurrent.ThreadPoolExecutor$Worker.run(ThreadPoolExecutor.java:624)
	at java.lang.Thread.run(Thread.java:748)
... Removed 13 stack frames]]>
    </failure>
  </testcase> <!-- parentChildSubscription -->
</testsuite> <!-- ParentChildSubscriptionTest -->
