<?xml version="1.0" encoding="UTF-8"?>
<!-- Generated by org.testng.reporters.JUnitXMLReporter -->
<testsuite hostname="E4795_Tech" ignored="1" name="ParentMyChildTest" tests="1" failures="0" timestamp="14 Feb 2020 15:01:51 GMT" time="164.405" errors="0">
  <testcase name="parentMyChild" time="160.056" classname="com.ExtramarksWebsite_TestCases.ParentMyChildTest"/>
  <testcase name="parentAddChild" time="0.0" classname="com.ExtramarksWebsite_TestCases.ParentMyChildTest">
    <ignored/>
  </testcase> <!-- parentAddChild -->
</testsuite> <!-- ParentMyChildTest -->
