<?xml version="1.0" encoding="UTF-8"?>
<!-- Generated by org.testng.reporters.JUnitXMLReporter -->
<testsuite hostname="E4795_Tech" ignored="0" name="StudentScheduleTest" tests="4" failures="1" timestamp="15 Feb 2020 07:46:06 GMT" time="453.239" errors="0">
  <testcase name="scheduleLogin" time="79.769" classname="com.ExtramarksWebsite_TestCases.StudentScheduleTest"/>
  <testcase name="AddSchedule" time="221.363" classname="com.ExtramarksWebsite_TestCases.StudentScheduleTest"/>
  <testcase name="mySchedule" time="0.016" classname="com.ExtramarksWebsite_TestCases.StudentScheduleTest">
    <failure type="java.lang.NullPointerException">
      <![CDATA[java.lang.NullPointerException
	at com.google.common.base.Preconditions.checkNotNull(Preconditions.java:213)
	at org.openqa.selenium.support.ui.FluentWait.<init>(FluentWait.java:102)
	at org.openqa.selenium.support.ui.WebDriverWait.<init>(WebDriverWait.java:71)
	at org.openqa.selenium.support.ui.WebDriverWait.<init>(WebDriverWait.java:45)
	at com.ExtramarksWebsite_TestCases.StudentScheduleTest.mySchedule(StudentScheduleTest.java:189)
	at java.util.concurrent.ThreadPoolExecutor.runWorker(ThreadPoolExecutor.java:1149)
	at java.util.concurrent.ThreadPoolExecutor$Worker.run(ThreadPoolExecutor.java:624)
	at java.lang.Thread.run(Thread.java:748)
... Removed 10 stack frames]]>
    </failure>
  </testcase> <!-- mySchedule -->
  <testcase name="deleteSchedule" time="137.901" classname="com.ExtramarksWebsite_TestCases.StudentScheduleTest"/>
</testsuite> <!-- StudentScheduleTest -->
