<?xml version="1.0" encoding="UTF-8"?>
<!-- Generated by org.testng.reporters.JUnitXMLReporter -->
<testsuite hostname="E4795_Tech" ignored="5" name="StudentDashboardTest" tests="1" failures="0" timestamp="15 Feb 2020 07:32:51 GMT" time="157.922" errors="0">
  <testcase name="mentorDashboardMenu" time="153.478" classname="com.ExtramarksWebsite_TestCases.StudentDashboardTest"/>
  <testcase name="studentDashboardRecentActivity" time="0.0" classname="com.ExtramarksWebsite_TestCases.StudentDashboardTest">
    <ignored/>
  </testcase> <!-- studentDashboardRecentActivity -->
  <testcase name="studentDashboardNotes" time="0.0" classname="com.ExtramarksWebsite_TestCases.StudentDashboardTest">
    <ignored/>
  </testcase> <!-- studentDashboardNotes -->
  <testcase name="studentDashboardProgressReport" time="0.0" classname="com.ExtramarksWebsite_TestCases.StudentDashboardTest">
    <ignored/>
  </testcase> <!-- studentDashboardProgressReport -->
  <testcase name="studentDashboardChangeClass" time="0.0" classname="com.ExtramarksWebsite_TestCases.StudentDashboardTest">
    <ignored/>
  </testcase> <!-- studentDashboardChangeClass -->
  <testcase name="studentDashboardSchedule" time="0.0" classname="com.ExtramarksWebsite_TestCases.StudentDashboardTest">
    <ignored/>
  </testcase> <!-- studentDashboardSchedule -->
</testsuite> <!-- StudentDashboardTest -->
