<?xml version="1.0" encoding="UTF-8"?>
<!-- Generated by org.testng.reporters.JUnitXMLReporter -->
<testsuite hostname="E4795_Tech" ignored="3" name="StudentMentorTest" tests="1" failures="0" timestamp="15 Feb 2020 07:55:48 GMT" time="86.963" errors="0">
  <testcase name="studentMentorDelete" time="84.791" classname="com.ExtramarksWebsite_TestCases.StudentMentorTest"/>
  <testcase name="studentMentorAdd" time="0.0" classname="com.ExtramarksWebsite_TestCases.StudentMentorTest">
    <ignored/>
  </testcase> <!-- studentMentorAdd -->
  <testcase name="studentMentorAcceptNotificationByMentor" time="0.0" classname="com.ExtramarksWebsite_TestCases.StudentMentorTest">
    <ignored/>
  </testcase> <!-- studentMentorAcceptNotificationByMentor -->
  <testcase name="studentMentorMentorListVerification" time="0.0" classname="com.ExtramarksWebsite_TestCases.StudentMentorTest">
    <ignored/>
  </testcase> <!-- studentMentorMentorListVerification -->
</testsuite> <!-- StudentMentorTest -->
