<?xml version="1.0" encoding="UTF-8"?>
<testsuite name="StudentScheduleTest"
           tests="4"
           failures="1"
           errors="0"
           skipped="0"
           time="430.518">
    <properties></properties>

            <testcase
                name="mySchedule"
                time="0.006"
                classname="com.ExtramarksWebsite_TestCases.StudentScheduleTest">

            <failure type="java.lang.NullPointerException" message="(null)">
                <![CDATA[java.lang.NullPointerException
                com.google.common.base.Preconditions.checkNotNull(Preconditions.java:213)org.openqa.selenium.support.ui.FluentWait.<init>(FluentWait.java:102)org.openqa.selenium.support.ui.WebDriverWait.<init>(WebDriverWait.java:71)org.openqa.selenium.support.ui.WebDriverWait.<init>(WebDriverWait.java:45)com.ExtramarksWebsite_TestCases.StudentScheduleTest.mySchedule(StudentScheduleTest.java:188)sun.reflect.NativeMethodAccessorImpl.invoke0(Native Method)sun.reflect.NativeMethodAccessorImpl.invoke(NativeMethodAccessorImpl.java:62)sun.reflect.DelegatingMethodAccessorImpl.invoke(DelegatingMethodAccessorImpl.java:43)java.lang.reflect.Method.invoke(Method.java:498)org.testng.internal.MethodInvocationHelper.invokeMethod(MethodInvocationHelper.java:108)org.testng.internal.Invoker.invokeMethod(Invoker.java:661)org.testng.internal.Invoker.invokeTestMethod(Invoker.java:869)org.testng.internal.Invoker.invokeTestMethods(Invoker.java:1193)org.testng.internal.TestMethodWorker.invokeTestMethods(TestMethodWorker.java:126)org.testng.internal.TestMethodWorker.run(TestMethodWorker.java:109)java.util.concurrent.ThreadPoolExecutor.runWorker(ThreadPoolExecutor.java:1149)java.util.concurrent.ThreadPoolExecutor$Worker.run(ThreadPoolExecutor.java:624)java.lang.Thread.run(Thread.java:748)
]]>
            </failure>
    </testcase>


            <testcase
                name="AddSchedule"
                time="228.131"
                classname="com.ExtramarksWebsite_TestCases.StudentScheduleTest">
            </testcase>
            <testcase
                name="scheduleLogin"
                time="79.340"
                classname="com.ExtramarksWebsite_TestCases.StudentScheduleTest">
            </testcase>
            <testcase
                name="deleteSchedule"
                time="123.041"
                classname="com.ExtramarksWebsite_TestCases.StudentScheduleTest">
            </testcase>
</testsuite>
