<?xml version="1.0" encoding="UTF-8"?>
<testsuite name="ParentChildSubscriptionTest"
           tests="1"
           failures="1"
           errors="0"
           skipped="0"
           time="89.750">
    <properties></properties>

            <testcase
                name="parentChildSubscription"
                time="89.750"
                classname="com.ExtramarksWebsite_TestCases.ParentChildSubscriptionTest">

            <failure type="java.lang.IndexOutOfBoundsException" message="Index: 1, Size: 1">
                <![CDATA[java.lang.IndexOutOfBoundsException: Index: 1, Size: 1
                java.util.ArrayList.rangeCheck(ArrayList.java:657)java.util.ArrayList.get(ArrayList.java:433)sun.reflect.GeneratedMethodAccessor27.invoke(Unknown Source)sun.reflect.DelegatingMethodAccessorImpl.invoke(DelegatingMethodAccessorImpl.java:43)java.lang.reflect.Method.invoke(Method.java:498)org.openqa.selenium.support.pagefactory.internal.LocatingElementListHandler.invoke(LocatingElementListHandler.java:39)com.sun.proxy.$Proxy29.get(Unknown Source)com.ExtramarksWebsite_Pages.ChildSubscriptionPage.openProgSubs(ChildSubscriptionPage.java:37)com.ExtramarksWebsite_TestCases.ParentChildSubscriptionTest.parentChildSubscription(ParentChildSubscriptionTest.java:98)sun.reflect.NativeMethodAccessorImpl.invoke0(Native Method)sun.reflect.NativeMethodAccessorImpl.invoke(NativeMethodAccessorImpl.java:62)sun.reflect.DelegatingMethodAccessorImpl.invoke(DelegatingMethodAccessorImpl.java:43)java.lang.reflect.Method.invoke(Method.java:498)org.testng.internal.MethodInvocationHelper.invokeMethod(MethodInvocationHelper.java:108)org.testng.internal.Invoker.invokeMethod(Invoker.java:661)org.testng.internal.Invoker.invokeTestMethod(Invoker.java:869)org.testng.internal.Invoker.invokeTestMethods(Invoker.java:1193)org.testng.internal.TestMethodWorker.invokeTestMethods(TestMethodWorker.java:126)org.testng.internal.TestMethodWorker.run(TestMethodWorker.java:109)java.util.concurrent.ThreadPoolExecutor.runWorker(ThreadPoolExecutor.java:1149)java.util.concurrent.ThreadPoolExecutor$Worker.run(ThreadPoolExecutor.java:624)java.lang.Thread.run(Thread.java:748)
]]>
            </failure>
    </testcase>


</testsuite>
